added org-mode -- git://orgmode.org/org-mode.git -- maint -- 4b9146c
added diminish -- https://github.com/emacsmirror/diminish -- master -- b50752d
added yasnippet https://github.com/capitaomorte/yasnippet master -- be2f815
added macrostep https://github.com/joddie/macrostep master -- 51d5b6a
added dired-plus https://github.com/emacsmirror/dired-plus master -- 75e85d0
added dired-details https://github.com/emacsmirror/dired-details master -- 1cca7d2
added color-theme-buffer-local https://github.com/vic/color-theme-buffer-local master -- b4444be
added smex https://github.com/nonsequitur/smex master -- f1f8543
added autopair https://github.com/capitaomorte/autopair master -- b991f70
added web-mode https://github.com/fxbois/web-mode master -- af203a5
added ack-and-a-half https://github.com/jhelwig/ack-and-a-half master -- bdbbc8e
added projectile https://github.com/bbatsov/projectile master -- 4a3b56a
added s https://github.com/magnars/s.el master -- fec417a
added dash https://github.com/magnars/dash.el master -- b1e585d
added pkg-info https://github.com/lunaryorn/pkg-info.el master -- 475cdeb
added epl https://github.com/cask/epl master -- 63c78c0
added maxframe https://github.com/rmm5t/maxframe.el master -- baa9885
added exec-path-from-shell https://github.com/purcell/exec-path-from-shell master -- 8748769
added flycheck https://github.com/flycheck/flycheck master -- 2ee1cd4
pulled flycheck https://github.com/flycheck/flycheck 4a08b21605f756eacca35385ba3af120761270b8 -- 2ee1cd4..4a08b21
